d:\adi\src\dizzyage\dizzyage_src\game\!out\release\game.pch
d:\adi\src\dizzyage\dizzyage_src\game\!out\release\vc143.pdb
d:\adi\src\dizzyage\dizzyage_src\game\!out\release\stdafx.obj
d:\adi\src\dizzyage\dizzyage_src\game\!out\release\game.obj
d:\adi\src\dizzyage\dizzyage_src\game\!out\release\dizsound.obj
d:\adi\src\dizzyage\dizzyage_src\game\!out\release\dizscript.obj
d:\adi\src\dizzyage\dizzyage_src\game\!out\release\dizplayer.obj
d:\adi\src\dizzyage\dizzyage_src\game\!out\release\dizpaint.obj
d:\adi\src\dizzyage\dizzyage_src\game\!out\release\dizmap.obj
d:\adi\src\dizzyage\dizzyage_src\game\!out\release\dizgame.obj
d:\adi\src\dizzyage\dizzyage_src\game\!out\release\dizdebug.obj
d:\adi\src\dizzyage\dizzyage_src\game\!out\release\dizcfg.obj
d:\adi\src\dizzyage\dizzyage_src\game\!out\release\dizapp.obj
d:\adi\src\dizzyage\dizzyage_src\game\!out\release\game.ipdb
d:\adi\src\dizzyage\dizzyage_src\game\!out\release\game.iobj
d:\adi\src\dizzyage\dizzyage_src\game\!out\release\game.exe
d:\adi\src\dizzyage\dizzyage_src\game\!out\release\game.pdb
d:\adi\src\dizzyage\dizzyage_src\game\!out\release\game.res
d:\adi\src\dizzyage\dizzyage_src\game\!out\release\game.tlog\cl.command.1.tlog
d:\adi\src\dizzyage\dizzyage_src\game\!out\release\game.tlog\cl.items.tlog
d:\adi\src\dizzyage\dizzyage_src\game\!out\release\game.tlog\cl.read.1.tlog
d:\adi\src\dizzyage\dizzyage_src\game\!out\release\game.tlog\cl.write.1.tlog
d:\adi\src\dizzyage\dizzyage_src\game\!out\release\game.tlog\game.write.1u.tlog
d:\adi\src\dizzyage\dizzyage_src\game\!out\release\game.tlog\link.command.1.tlog
d:\adi\src\dizzyage\dizzyage_src\game\!out\release\game.tlog\link.read.1.tlog
d:\adi\src\dizzyage\dizzyage_src\game\!out\release\game.tlog\link.secondary.1.tlog
d:\adi\src\dizzyage\dizzyage_src\game\!out\release\game.tlog\link.write.1.tlog
d:\adi\src\dizzyage\dizzyage_src\game\!out\release\game.tlog\rc.command.1.tlog
d:\adi\src\dizzyage\dizzyage_src\game\!out\release\game.tlog\rc.read.1.tlog
d:\adi\src\dizzyage\dizzyage_src\game\!out\release\game.tlog\rc.write.1.tlog
