C:\Program Files\Microsoft Visual Studio\2022\Community\MSBuild\Microsoft\VC\v170\Microsoft.CppBuild.targets(516,5): warning MSB8004: Intermediate Directory does not end with a trailing slash.  This build instance will add the slash as it is required to allow proper evaluation of the Intermediate Directory.
C:\Program Files\Microsoft Visual Studio\2022\Community\MSBuild\Microsoft\VC\v170\Microsoft.CppBuild.targets(517,5): warning MSB8004: Output Directory does not end with a trailing slash.  This build instance will add the slash as it is required to allow proper evaluation of the Output Directory.
cl : command line  warning D9035: option 'Gm' has been deprecated and will be removed in a future release
  Skipping... (no relevant changes detected)
  StdAfx.cpp
cl : command line  warning D9035: option 'Gm' has been deprecated and will be removed in a future release
  Skipping... (no relevant changes detected)
  Game.cpp
  DizSound.cpp
  DizScript.cpp
  DizPlayer.cpp
  DizPaint.cpp
  DizMap.cpp
  DizGame.cpp
  DizDebug.cpp
  DizCfg.cpp
  DizApp.cpp
DizApp.obj : warning LNK4075: ignoring '/EDITANDCONTINUE' due to '/SAFESEH' specification
  Game.vcxproj -> C:\adi\src\dizzy\dizzyage_src\Game\Debug\Game.exe
  The system cannot find the path specified.
          0 file(s) copied.
C:\Program Files\Microsoft Visual Studio\2022\Community\MSBuild\Microsoft\VC\v170\Microsoft.CppCommon.targets(166,5): error MSB3073: The command "copy Debug\Game.exe ..\..\Bin\dizzy_d.exe
C:\Program Files\Microsoft Visual Studio\2022\Community\MSBuild\Microsoft\VC\v170\Microsoft.CppCommon.targets(166,5): error MSB3073: :VCEnd" exited with code 1.
