------------------------------------------
| RENE DEBUG INIT ( _RELEASE )           |
------------------------------------------
App init.
Files init.
using editor.pak file.
Input init (api=0).
Keyboard ok.
Mouse ok.
Render init interface (api=0).
Video adapter info:
  driver      = igdumdim32.dll
  description = Intel(R) HD Graphics 520
  version     = p30 v0.100 b9865
Display modes:
   0 	1366x768 	32bpp 	0Hz 	windowed
   1 	320x200 	16bpp 	48Hz 	
   2 	320x200 	16bpp 	60Hz 	
   3 	320x240 	16bpp 	48Hz 	
   4 	320x240 	16bpp 	60Hz 	
   5 	400x300 	16bpp 	48Hz 	
   6 	400x300 	16bpp 	60Hz 	
   7 	512x384 	16bpp 	48Hz 	
   8 	512x384 	16bpp 	60Hz 	
   9 	640x400 	16bpp 	48Hz 	
   10 	640x400 	16bpp 	60Hz 	
   11 	640x480 	16bpp 	48Hz 	
   12 	640x480 	16bpp 	60Hz 	
   13 	800x600 	16bpp 	48Hz 	
   14 	800x600 	16bpp 	60Hz 	
   15 	1024x768 	16bpp 	48Hz 	
   16 	1024x768 	16bpp 	60Hz 	
   17 	1280x720 	16bpp 	48Hz 	
   18 	1280x720 	16bpp 	60Hz 	
   19 	1280x768 	16bpp 	48Hz 	
   20 	1280x768 	16bpp 	60Hz 	
   21 	1360x768 	16bpp 	48Hz 	
   22 	1360x768 	16bpp 	60Hz 	
   23 	1366x768 	16bpp 	48Hz 	
   24 	1366x768 	16bpp 	60Hz 	
   25 	320x200 	32bpp 	48Hz 	
   26 	320x200 	32bpp 	60Hz 	
   27 	320x240 	32bpp 	48Hz 	
   28 	320x240 	32bpp 	60Hz 	
   29 	400x300 	32bpp 	48Hz 	
   30 	400x300 	32bpp 	60Hz 	
   31 	512x384 	32bpp 	48Hz 	
   32 	512x384 	32bpp 	60Hz 	
   33 	640x400 	32bpp 	48Hz 	
   34 	640x400 	32bpp 	60Hz 	
   35 	640x480 	32bpp 	48Hz 	
   36 	640x480 	32bpp 	60Hz 	
   37 	800x600 	32bpp 	48Hz 	
   38 	800x600 	32bpp 	60Hz 	
   39 	1024x768 	32bpp 	48Hz 	
   40 	1024x768 	32bpp 	60Hz 	
   41 	1280x720 	32bpp 	48Hz 	
   42 	1280x720 	32bpp 	60Hz 	
   43 	1280x768 	32bpp 	48Hz 	
   44 	1280x768 	32bpp 	60Hz 	
   45 	1360x768 	32bpp 	48Hz 	
   46 	1360x768 	32bpp 	60Hz 	
   47 	1366x768 	32bpp 	48Hz 	
   48 	1366x768 	32bpp 	60Hz 	

Render init (api=0).
Filter config:
  Requested: DirectX windowed 768x536 32bpp 85Hz
  Received:  DirectX windowed 768x536 32bpp 0Hz
APP: activate on
window size 774x565
editor init.
Reload tiles ...
Loading tiles from "game\data\tiles\"
  build\120 bricks.tga [1]
  build\121 chains.tga [1]
  build\122 fences.tga [1]
  build\123 houses.tga [1]
  build\124 pipes.tga [1]
  build\125 woods.tga [1]
  characters\170 yolkfolk.tga [1]
  characters\171 daisy 2.tga [2]
  characters\172 denzil 2.tga [2]
  characters\173 dora 2.tga [2]
  characters\174 dosy 2.tga [2]
  characters\175 dylan 2.tga [2]
  characters\176 grand 2.tga [2]
  characters\177 pogie 2.tga [2]
  characters\178 angel.tga [1]
  characters\179 bear.tga [1]
  characters\180 daisysleep.tga [1]
  characters\181 death.tga [1]
  characters\182 dragon.tga [1]
  characters\183 goat.tga [1]
  characters\184 jester.tga [1]
  characters\185 king.tga [1]
  characters\186 lion.tga [1]
  characters\187 merchant.tga [1]
  characters\188 monkey 2.tga [2]
  characters\189 monsteregg.tga [1]
  characters\190 mouse.tga [1]
  characters\191 peter.tga [1]
  characters\192 prince.tga [1]
  characters\193 princess.tga [1]
  characters\194 rockwart.tga [1]
  characters\195 satan.tga [1]
  characters\196 shamus.tga [1]
  characters\197 troll1.tga [1]
  characters\198 troll2.tga [1]
  characters\199 trumpetboy.tga [1]
  characters\200 vampire.tga [1]
  characters\201 witch.tga [1]
  characters\202 wizard.tga [1]
  characters\203 zaks.tga [1]
  characters\204 blackheart.tga [1]
  characters\205 danny.tga [1]
  characters\206 theo_spell 2.tga [2]
  characters\207 theo_tappingfoot 2.tga [2]
  characters\208 geinie.tga [1]
  characters\209 upsetgranddizzy.tga [1]
  creatures\150 creatures.tga [1]
  creatures\151 bat 2.tga [2]
  creatures\152 bird 2.tga [2]
  creatures\153 birdsmall 2.tga [2]
  creatures\154 bull 2.tga [2]
  creatures\155 crab 2.tga [2]
  creatures\156 croc 2.tga [2]
  creatures\157 fish 4.tga [4]
  creatures\158 fishbank 2.tga [2]
  creatures\159 fly 2.tga [2]
  creatures\160 ghost 2.tga [2]
  creatures\161 medusa 2.tga [2]
  creatures\162 medusasmall 2.tga [2]
  creatures\163 sepia 2.tga [2]
  creatures\164 spider 2.tga [2]
  creatures\165 mosquetto 2.tga [2]
  creatures\166 goat 2.tga [2]
  decorate\130 decorations1.tga [1]
  decorate\131 decorations2.tga [1]
  decorate\132 decorations3.tga [1]
  dizzy\10 dizzy_idle 2.tga [2]
  dizzy\11 dizzy_walk 8.tga [8]
  dizzy\12 dizzy_up 8.tga [8]
  dizzy\13 dizzy_jump 8.tga [8]
  dizzy\14 dizzy_stun 5.tga [5]
  dizzy\15 dizzy_dead 5.tga [5]
  dizzy\16 dizzy_em1 2.tga [2]
  dizzy\17 dizzy_em2 2.tga [2]
  dizzy\18 dizzy_em3 2.tga [2]
  dizzy\19 dizzy_eat 2.tga [2]
  dizzy\20 dizzy_swim 5.tga [5]
  dizzy\21 dizzy_swimup 8.tga [8]
  dizzy\22 dizzy_swimjump 8.tga [8]
  dizzy\23 dizzy_drown 6.tga [6]
  dizzy\40 aqua_dizzy_idle 2.tga [2]
  dizzy\41 aqua_dizzy_walk 8.tga [8]
  dizzy\42 aqua_dizzy_up 8.tga [8]
  dizzy\43 aqua_dizzy_jump 8.tga [8]
  dizzy\44 aqua_dizzy_stun 5.tga [5]
  dizzy\45 aqua_dizzy_dead 5.tga [5]
  dizzy\50 aqua_dizzy_swim 5.tga [5]
  dizzy\51 aqua_dizzy_swimup 8.tga [8]
  dizzy\52 aqua_dizzy_swimjump 8.tga [8]
  dizzy\53 aqua_dizzy_drawn 6.tga [6]
  dizzy\60 shrink_dizzy_idle 2.tga [2]
  dizzy\61 shrink_dizzy_walk 8.tga [8]
  dizzy\62 shrink_dizzy_up 8.tga [8]
  dizzy\63 shrink_dizzy_jump 8.tga [8]
  dizzy\65 shrink_dizzy_dead 5.tga [5]
  items\210 coins.tga [1]
  items\211 items1.tga [1]
  items\212 items2.tga [1]
  items\213 items3.tga [1]
  items\214 items4.tga [1]
  items\215 items5.tga [1]
  items\216 items6.tga [1]
  items\217 items7.tga [1]
  items\218 items8.tga [1]
  items\219 items9.tga [1]
  landscape\100 ground.tga [1]
  landscape\101 boulders1.tga [1]
  landscape\102 boulders2.tga [1]
  landscape\103 cave.tga [1]
  landscape\104 clouds1.tga [1]
  landscape\105 clouds2.tga [1]
  landscape\106 clouds3.tga [1]
  landscape\107 weather.tga [1]
  landscape\108 mountain.tga [1]
  landscape\109 castle.tga [1]
  loading\6 loading.tga [1]
  menu\0 default.tga [1]
  menu\1 menu.tga [1]
  menu\2 life.tga [1]
  menu\3 dialog.tga [1]
  menu\4 font.tga [1]
  menu\5 dizzyage.tga [1]
  objects\140 objects1.tga [1]
  objects\141 mechanic1.tga [1]
  objects\142 torces.tga [1]
  objects\143 flame1 4.tga [4]
  objects\144 flame2 8.tga [8]
  objects\145 flame3 8.tga [8]
  objects\146 flag 2.tga [2]
  objects\147 heaven.tga [1]
  objects\148 water 3.tga [3]
  objects\149 twinkle 8.tga [8]
  objects2\230 device1.tga [1]
  objects2\231 device2.tga [1]
  objects2\232 diamond 12.tga [12]
  objects2\233 diamond 25.tga [25]
  objects2\234 zzz 3.tga [3]
  objects2\235 zzz 6.tga [6]
  objects2\236 musicnotes 3.tga [3]
  objects2\237 smoke 4.tga [4]
  objects2\238 airbubbles.tga [1]
  objects2\239 snow.tga [1]
  objects2\240 water 4.tga [4]
  vegetation\110 bushes.tga [1]
  vegetation\111 bush.tga [1]
  vegetation\112 trees1.tga [1]
  vegetation\113 trees2.tga [1]
  vegetation\114 trees3.tga [1]
  vegetation\115 trees4.tga [1]
  vegetation\116 branches.tga [1]
Tiles report: total=150, failed=0 (duplicates=0)
Main loop start.

APP: activate off
APP: activate on
Loading map ...
Loading map SUCCESSFUL!
Check Brush Tile:
APP: activate off
APP: activate on
Saving map ...
Saving brushes ids ...
Saving map SUCCESSFUL!
APP: activate off
APP: activate on
APP: activate off
APP: activate on
APP: activate off
APP: activate on
APP: activate off
APP: activate on
APP: activate off
APP: activate on
APP: activate off
APP: activate on
APP: activate off
APP: activate on
APP: activate off
APP: activate on
APP: activate off
APP: activate on
APP: activate off
APP: activate on
APP: activate off
APP: activate on
Saving map ...
Saving brushes ids ...
Saving map SUCCESSFUL!
APP: activate off
APP: activate on
APP: activate off
APP: activate on
APP: activate off
APP: activate on
APP: activate off
APP: activate on
APP: activate off
APP: activate on
Loading map ...
Loading map SUCCESSFUL!
APP: activate off
APP: activate on
Saving map ...
Saving brushes ids ...
Saving map SUCCESSFUL!
APP: activate off
APP: activate on
APP: activate off
APP: activate on
Saving map ...
Saving brushes ids ...
Saving map SUCCESSFUL!
APP: activate off
APP: activate on
APP: activate off
APP: activate on
APP: activate off
APP: activate on
Saving map ...
Saving brushes ids ...
Saving map SUCCESSFUL!
APP: activate off
APP: activate on
APP: activate off
APP: activate on
APP: activate off
APP: activate on
APP: activate off
APP: activate on
APP: activate off
APP: activate on
APP: activate off
APP: activate on
Saving map ...
Saving brushes ids ...
Saving map SUCCESSFUL!
APP: activate off
APP: activate on
APP: activate off
APP: activate on
APP: activate off
APP: activate on
APP: activate off
APP: activate on
APP: activate off
