d:\adi\src\dizzyage\dizzyage_src\engine\!out\release\engine.pch
d:\adi\src\dizzyage\dizzyage_src\engine\!out\release\engine.pdb
d:\adi\src\dizzyage\dizzyage_src\engine\!out\release\stdafx.obj
d:\adi\src\dizzyage\dizzyage_src\engine\!out\release\f9filepakz.obj
d:\adi\src\dizzyage\dizzyage_src\engine\!out\release\f9filepak.obj
d:\adi\src\dizzyage\dizzyage_src\engine\!out\release\f9filemem.obj
d:\adi\src\dizzyage\dizzyage_src\engine\!out\release\f9filedisk.obj
d:\adi\src\dizzyage\dizzyage_src\engine\!out\release\f9file.obj
d:\adi\src\dizzyage\dizzyage_src\engine\!out\release\f9archivezip.obj
d:\adi\src\dizzyage\dizzyage_src\engine\!out\release\f9archivepak.obj
d:\adi\src\dizzyage\dizzyage_src\engine\!out\release\f9archive.obj
d:\adi\src\dizzyage\dizzyage_src\engine\!out\release\d9shutdown.obj
d:\adi\src\dizzyage\dizzyage_src\engine\!out\release\d9memory.obj
d:\adi\src\dizzyage\dizzyage_src\engine\!out\release\d9log.obj
d:\adi\src\dizzyage\dizzyage_src\engine\!out\release\d9guard.obj
d:\adi\src\dizzyage\dizzyage_src\engine\!out\release\d9dh.obj
d:\adi\src\dizzyage\dizzyage_src\engine\!out\release\d9debug.obj
d:\adi\src\dizzyage\dizzyage_src\engine\!out\release\d9breakpoint.obj
d:\adi\src\dizzyage\dizzyage_src\engine\!out\release\e9system.obj
d:\adi\src\dizzyage\dizzyage_src\engine\!out\release\e9string.obj
d:\adi\src\dizzyage\dizzyage_src\engine\!out\release\e9math.obj
d:\adi\src\dizzyage\dizzyage_src\engine\!out\release\e9engine.obj
d:\adi\src\dizzyage\dizzyage_src\engine\!out\release\e9app.obj
d:\adi\src\dizzyage\dizzyage_src\engine\!out\release\i9ffdx.obj
d:\adi\src\dizzyage\dizzyage_src\engine\!out\release\i9devicedx.obj
d:\adi\src\dizzyage\dizzyage_src\engine\!out\release\gsvm.obj
d:\adi\src\dizzyage\dizzyage_src\engine\!out\release\gsutil.obj
d:\adi\src\dizzyage\dizzyage_src\engine\!out\release\gsparser.obj
d:\adi\src\dizzyage\dizzyage_src\engine\!out\release\gsnode.obj
d:\adi\src\dizzyage\dizzyage_src\engine\!out\release\gslib_win.obj
d:\adi\src\dizzyage\dizzyage_src\engine\!out\release\gslib_math.obj
d:\adi\src\dizzyage\dizzyage_src\engine\!out\release\gslib_file.obj
d:\adi\src\dizzyage\dizzyage_src\engine\!out\release\gslib_default.obj
d:\adi\src\dizzyage\dizzyage_src\engine\!out\release\gslexer.obj
d:\adi\src\dizzyage\dizzyage_src\engine\!out\release\gserror.obj
d:\adi\src\dizzyage\dizzyage_src\engine\!out\release\gsenv.obj
d:\adi\src\dizzyage\dizzyage_src\engine\!out\release\gscompiler.obj
d:\adi\src\dizzyage\dizzyage_src\engine\!out\release\gscfg.obj
d:\adi\src\dizzyage\dizzyage_src\engine\!out\release\gsasm.obj
d:\adi\src\dizzyage\dizzyage_src\engine\!out\release\gs.obj
d:\adi\src\dizzyage\dizzyage_src\engine\!out\release\f9filezip.obj
d:\adi\src\dizzyage\dizzyage_src\engine\!out\release\f9files.obj
d:\adi\src\dizzyage\dizzyage_src\engine\!out\release\f9fileres.obj
d:\adi\src\dizzyage\dizzyage_src\engine\!out\release\a9def.obj
d:\adi\src\dizzyage\dizzyage_src\engine\!out\release\a9codec_ym.obj
d:\adi\src\dizzyage\dizzyage_src\engine\!out\release\a9codec_wav.obj
d:\adi\src\dizzyage\dizzyage_src\engine\!out\release\a9codec_ogg.obj
d:\adi\src\dizzyage\dizzyage_src\engine\!out\release\a9codec_dumb.obj
d:\adi\src\dizzyage\dizzyage_src\engine\!out\release\a9codec.obj
d:\adi\src\dizzyage\dizzyage_src\engine\!out\release\a9audiodx.obj
d:\adi\src\dizzyage\dizzyage_src\engine\!out\release\a9audio.obj
d:\adi\src\dizzyage\dizzyage_src\engine\!out\release\r9texturepool.obj
d:\adi\src\dizzyage\dizzyage_src\engine\!out\release\r9rendergl.obj
d:\adi\src\dizzyage\dizzyage_src\engine\!out\release\r9renderdx.obj
d:\adi\src\dizzyage\dizzyage_src\engine\!out\release\r9render.obj
d:\adi\src\dizzyage\dizzyage_src\engine\!out\release\r9imgloader.obj
d:\adi\src\dizzyage\dizzyage_src\engine\!out\release\r9img.obj
d:\adi\src\dizzyage\dizzyage_src\engine\!out\release\r9font.obj
d:\adi\src\dizzyage\dizzyage_src\engine\!out\release\i9inputdx.obj
d:\adi\src\dizzyage\dizzyage_src\engine\!out\release\i9input.obj
d:\adi\src\dizzyage\dizzyage_src\engine\!out\release\engine.lib
d:\adi\src\dizzyage\dizzyage_src\engine\!out\release\engine.tlog\cl.command.1.tlog
d:\adi\src\dizzyage\dizzyage_src\engine\!out\release\engine.tlog\cl.items.tlog
d:\adi\src\dizzyage\dizzyage_src\engine\!out\release\engine.tlog\cl.read.1.tlog
d:\adi\src\dizzyage\dizzyage_src\engine\!out\release\engine.tlog\cl.write.1.tlog
d:\adi\src\dizzyage\dizzyage_src\engine\!out\release\engine.tlog\lib-link.read.1.tlog
d:\adi\src\dizzyage\dizzyage_src\engine\!out\release\engine.tlog\lib-link.write.1.tlog
d:\adi\src\dizzyage\dizzyage_src\engine\!out\release\engine.tlog\lib.command.1.tlog
